Mar 30 12:05:15 Updated: docker-19.03.6ce-1.amzn2.x86_64
Apr 09 21:16:28 Installed: tree-1.6.0-10.amzn2.0.1.x86_64
Jun 06 12:24:24 Installed: amazon-ecr-credential-helper-0.4.0-1.amzn2.x86_64
Jun 07 07:08:52 Updated: unixODBC-2.3.1-14.amzn2.x86_64
Jun 07 07:08:52 Updated: unixODBC-devel-2.3.1-14.amzn2.x86_64
Jun 07 07:10:05 Updated: libgcc-7.3.1-6.amzn2.0.4.x86_64
Jun 07 07:10:05 Updated: libstdc++-7.3.1-6.amzn2.0.4.x86_64
Jun 07 07:10:06 Updated: cpp-7.3.1-6.amzn2.0.4.x86_64
Jun 07 07:10:06 Updated: libgomp-7.3.1-6.amzn2.0.4.x86_64
Jun 07 07:10:09 Updated: gcc-7.3.1-6.amzn2.0.4.x86_64
Jun 07 07:10:10 Updated: gcc-gfortran-7.3.1-6.amzn2.0.4.x86_64
Jun 07 07:10:12 Updated: gcc-c++-7.3.1-6.amzn2.0.4.x86_64
Jun 07 07:10:44 Updated: python-libs-2.7.18-1.amzn2.x86_64
Jun 07 07:10:44 Updated: python-2.7.18-1.amzn2.x86_64
Jun 07 07:10:44 Updated: python-devel-2.7.18-1.amzn2.x86_64
Jun 07 07:28:47 Updated: python3-3.7.6-1.amzn2.0.1.x86_64
Jun 07 07:28:49 Updated: python3-libs-3.7.6-1.amzn2.0.1.x86_64
Jun 07 07:28:49 Installed: python3-rpm-macros-3-23.amzn2.noarch
Jun 07 07:28:49 Installed: python3-devel-3.7.6-1.amzn2.0.1.x86_64
Jun 09 15:27:03 Installed: ftp-0.17-67.amzn2.0.2.x86_64
Jun 09 20:18:24 Installed: iperf3-3.1.7-2.amzn2.0.2.x86_64
Jun 09 20:18:24 Installed: iperf3-devel-3.1.7-2.amzn2.0.2.x86_64
Jun 09 22:46:10 Updated: python2-botocore-1.13.36-2.amzn2.0.1.noarch
Jun 09 22:46:12 Updated: awscli-1.16.300-1.amzn2.0.2.noarch
Jun 14 06:35:10 Updated: langtable-0.0.31-4.amzn2.noarch
Jun 14 06:35:10 Updated: 32:bind-license-9.11.4-9.P2.amzn2.0.3.noarch
Jun 14 06:35:10 Updated: langtable-data-0.0.31-4.amzn2.noarch
Jun 14 06:35:10 Installed: dejavu-fonts-common-2.33-6.amzn2.noarch
Jun 14 06:35:11 Updated: kernel-headers-4.14.181-140.257.amzn2.x86_64
Jun 14 06:35:11 Updated: kbd-misc-1.15.5-15.amzn2.noarch
Jun 14 06:35:11 Updated: kbd-legacy-1.15.5-15.amzn2.noarch
Jun 14 06:35:12 Updated: tzdata-2019c-1.amzn2.noarch
Jun 14 06:35:12 Updated: ncurses-base-6.0-8.20170212.amzn2.1.3.noarch
Jun 14 06:35:12 Updated: bash-4.2.46-33.amzn2.x86_64
Jun 14 06:35:12 Updated: glibc-minimal-langpack-2.26-34.amzn2.x86_64
Jun 14 06:35:12 Updated: glibc-common-2.26-34.amzn2.x86_64
Jun 14 06:35:13 Updated: glibc-2.26-34.amzn2.x86_64
Jun 14 06:35:13 Updated: ncurses-libs-6.0-8.20170212.amzn2.1.3.x86_64
Jun 14 06:35:13 Updated: zlib-1.2.7-18.amzn2.x86_64
Jun 14 06:35:14 Updated: glib2-2.56.1-5.amzn2.0.1.x86_64
Jun 14 06:35:14 Updated: elfutils-libelf-0.176-2.amzn2.x86_64
Jun 14 06:35:14 Updated: freetype-2.8-14.amzn2.x86_64
Jun 14 06:35:14 Updated: nspr-4.21.0-1.amzn2.0.2.x86_64
